2026-03-13 19:32:55,429 - LuminaGallery - INFO - psutil not available - memory monitoring disabled
2026-03-13 19:32:55,431 - LuminaGallery - INFO - vlc not available - video playback disabled
2026-03-13 19:32:55,933 - LuminaGallery - INFO - Migrated to schema version 2
2026-03-13 19:32:55,935 - LuminaGallery - INFO - Migrated to schema version 3
2026-03-13 19:32:55,937 - LuminaGallery - INFO - Migrated to schema version 4
2026-03-13 19:32:55,939 - LuminaGallery - INFO - Migrated to schema version 5
2026-03-13 19:32:55,940 - LuminaGallery - INFO - Migrated to schema version 6
2026-03-13 19:32:55,958 - LuminaGallery - INFO - Drag and drop not available: '_tkinter.tkapp' object has no attribute 'drop_target_register'
2026-03-13 19:33:05,874 - LuminaGallery - INFO - psutil not available - memory monitoring disabled
2026-03-13 19:33:05,875 - LuminaGallery - INFO - vlc not available - video playback disabled
2026-03-13 19:33:06,061 - LuminaGallery - INFO - Migrated to schema version 2
2026-03-13 19:33:06,062 - LuminaGallery - INFO - Migrated to schema version 3
2026-03-13 19:33:06,064 - LuminaGallery - INFO - Migrated to schema version 4
2026-03-13 19:33:06,066 - LuminaGallery - INFO - Migrated to schema version 5
2026-03-13 19:33:06,068 - LuminaGallery - INFO - Migrated to schema version 6
2026-03-13 19:33:06,081 - LuminaGallery - INFO - Drag and drop not available: '_tkinter.tkapp' object has no attribute 'drop_target_register'
2026-03-13 19:33:18,712 - LuminaGallery - INFO - psutil not available - memory monitoring disabled
2026-03-13 19:33:18,713 - LuminaGallery - INFO - vlc not available - video playback disabled
2026-03-13 19:33:18,885 - LuminaGallery - INFO - Migrated to schema version 2
2026-03-13 19:33:18,886 - LuminaGallery - INFO - Migrated to schema version 3
2026-03-13 19:33:18,888 - LuminaGallery - INFO - Migrated to schema version 4
2026-03-13 19:33:18,889 - LuminaGallery - INFO - Migrated to schema version 5
2026-03-13 19:33:18,891 - LuminaGallery - INFO - Migrated to schema version 6
2026-03-13 19:33:18,903 - LuminaGallery - INFO - Drag and drop not available: '_tkinter.tkapp' object has no attribute 'drop_target_register'
2026-03-13 19:33:30,303 - LuminaGallery - INFO - psutil not available - memory monitoring disabled
2026-03-13 19:33:30,304 - LuminaGallery - INFO - vlc not available - video playback disabled
2026-03-13 19:33:30,505 - LuminaGallery - INFO - Migrated to schema version 2
2026-03-13 19:33:30,507 - LuminaGallery - INFO - Migrated to schema version 3
2026-03-13 19:33:30,509 - LuminaGallery - INFO - Migrated to schema version 4
2026-03-13 19:33:30,510 - LuminaGallery - INFO - Migrated to schema version 5
2026-03-13 19:33:30,511 - LuminaGallery - INFO - Migrated to schema version 6
2026-03-13 19:33:30,527 - LuminaGallery - INFO - Drag and drop not available: '_tkinter.tkapp' object has no attribute 'drop_target_register'
2026-03-13 19:35:40,298 - LuminaGallery - INFO - psutil not available - memory monitoring disabled
2026-03-13 19:35:40,299 - LuminaGallery - INFO - vlc not available - video playback disabled
2026-03-13 19:35:40,774 - LuminaGallery - INFO - Migrated to schema version 2
2026-03-13 19:35:40,776 - LuminaGallery - INFO - Migrated to schema version 3
2026-03-13 19:35:40,780 - LuminaGallery - INFO - Migrated to schema version 4
2026-03-13 19:35:40,781 - LuminaGallery - INFO - Migrated to schema version 5
2026-03-13 19:35:40,783 - LuminaGallery - INFO - Migrated to schema version 6
2026-03-13 19:35:40,803 - LuminaGallery - INFO - Drag and drop not available: '_tkinter.tkapp' object has no attribute 'drop_target_register'
2026-03-13 19:58:04,365 - LuminaGallery - INFO - psutil not available - memory monitoring disabled
2026-03-13 19:58:04,366 - LuminaGallery - INFO - vlc not available - video playback disabled
2026-03-13 19:58:04,893 - LuminaGallery - INFO - Migrated to schema version 2
2026-03-13 19:58:04,895 - LuminaGallery - INFO - Migrated to schema version 3
2026-03-13 19:58:04,897 - LuminaGallery - INFO - Migrated to schema version 4
2026-03-13 19:58:04,898 - LuminaGallery - INFO - Migrated to schema version 5
2026-03-13 19:58:04,899 - LuminaGallery - INFO - Migrated to schema version 6
2026-03-13 19:58:04,915 - LuminaGallery - INFO - Drag and drop not available: '_tkinter.tkapp' object has no attribute 'drop_target_register'
2026-03-13 19:58:05,783 - LuminaGallery - INFO - LuminaGalleryApp initialized
2026-03-13 19:58:06,024 - LuminaGallery - INFO - Loaded 89 media items from database
2026-03-13 19:58:41,299 - LuminaGallery - ERROR - Thumbnail load error: 
2026-03-13 19:58:41,299 - LuminaGallery - ERROR - Thumbnail load error: 
2026-03-13 19:58:41,299 - LuminaGallery - ERROR - Thumbnail load error: 
2026-03-13 19:58:41,299 - LuminaGallery - ERROR - Thumbnail load error: 
2026-03-13 19:58:41,299 - LuminaGallery - ERROR - Thumbnail load error: 
2026-03-13 19:58:41,300 - LuminaGallery - ERROR - Thumbnail load error: 
2026-03-13 19:58:41,366 - LuminaGallery - ERROR - Unhandled exception:
Traceback (most recent call last):
  File "C:\Users\Laptop\AppData\Local\Python\pythoncore-3.14-64\Lib\tkinter\__init__.py", line 2088, in __call__
    return self.func(*args)
           ~~~~~~~~~^^^^^^^
  File "c:\Users\Laptop\Documents\Frank Docu\Lumina Gallery Pro\Lumina Gallery Pro - Final Project - Beltran.py", line 2109, in <lambda>
    frame.bind("<Button-1>", lambda e, f=frame: self._on_thumbnail_click(e, f))
                                                ~~~~~~~~~~~~~~~~~~~~~~~~^^^^^^
  File "c:\Users\Laptop\Documents\Frank Docu\Lumina Gallery Pro\Lumina Gallery Pro - Final Project - Beltran.py", line 2158, in _on_thumbnail_click
    self.open_media(item)
    ~~~~~~~~~~~~~~~^^^^^^
  File "c:\Users\Laptop\Documents\Frank Docu\Lumina Gallery Pro\Lumina Gallery Pro - Final Project - Beltran.py", line 2370, in open_media
    self.show_image(item.path)
    ~~~~~~~~~~~~~~~^^^^^^^^^^^
  File "c:\Users\Laptop\Documents\Frank Docu\Lumina Gallery Pro\Lumina Gallery Pro - Final Project - Beltran.py", line 2418, in show_image
    self.reset_zoom()
    ~~~~~~~~~~~~~~~^^
  File "c:\Users\Laptop\Documents\Frank Docu\Lumina Gallery Pro\Lumina Gallery Pro - Final Project - Beltran.py", line 2513, in reset_zoom
    self.render_zoomed_image()
    ~~~~~~~~~~~~~~~~~~~~~~~~^^
  File "c:\Users\Laptop\Documents\Frank Docu\Lumina Gallery Pro\Lumina Gallery Pro - Final Project - Beltran.py", line 2472, in render_zoomed_image
    resized = self.original_image.resize((new_w, new_h), Image.Resampling.LANCZOS)
  File "C:\Users\Laptop\AppData\Local\Python\pythoncore-3.14-64\Lib\site-packages\PIL\Image.py", line 2323, in resize
    return self._new(self.im.resize(size, resample, box))
                     ~~~~~~~~~~~~~~^^^^^^^^^^^^^^^^^^^^^
ValueError: height and width must be > 0
2026-03-13 19:58:41,564 - LuminaGallery - ERROR - Thumbnail load error: 
2026-03-13 19:58:41,565 - LuminaGallery - ERROR - Thumbnail load error: 
2026-03-13 19:58:41,566 - LuminaGallery - ERROR - Thumbnail load error: 
2026-03-13 19:58:41,597 - LuminaGallery - ERROR - Thumbnail load error: bad window path name ".!frame.!frame3.!frame.!canvas.!frame.!frame2701"
2026-03-13 19:58:41,597 - LuminaGallery - ERROR - Thumbnail load error: bad window path name ".!frame.!frame3.!frame.!canvas.!frame.!frame2700"
2026-03-13 19:58:41,597 - LuminaGallery - ERROR - Thumbnail load error: bad window path name ".!frame.!frame3.!frame.!canvas.!frame.!frame2699"
2026-03-13 19:59:07,333 - LuminaGallery - ERROR - Thumbnail load error: 
2026-03-13 19:59:07,334 - LuminaGallery - ERROR - Thumbnail load error: 
2026-03-13 19:59:07,334 - LuminaGallery - ERROR - Thumbnail load error: 
2026-03-13 19:59:07,334 - LuminaGallery - ERROR - Thumbnail load error: 
2026-03-13 19:59:07,334 - LuminaGallery - ERROR - Thumbnail load error: 
2026-03-13 19:59:07,334 - LuminaGallery - ERROR - Thumbnail load error: 
2026-03-13 19:59:07,369 - LuminaGallery - ERROR - Thumbnail load error: invalid command name ".!frame.!frame3.!frame.!canvas.!frame.!frame2748"
2026-03-13 19:59:07,369 - LuminaGallery - ERROR - Thumbnail load error: bad window path name ".!frame.!frame3.!frame.!canvas.!frame.!frame2756"
2026-03-13 19:59:07,369 - LuminaGallery - ERROR - Thumbnail load error: bad window path name ".!frame.!frame3.!frame.!canvas.!frame.!frame2749"
2026-03-13 19:59:16,352 - LuminaGallery - ERROR - Error loading image C:\Users\Laptop\Videos\Roblox\Roblox-2026-02-16T10_17_42.452Z.mp4: cannot identify image file 'C:\\Users\\Laptop\\Videos\\Roblox\\Roblox-2026-02-16T10_17_42.452Z.mp4'
2026-03-13 19:59:20,305 - LuminaGallery - ERROR - Error loading image C:\Users\Laptop\Pictures\Camera Roll\WIN_20251225_00_09_54_Pro.mp4: cannot identify image file 'C:\\Users\\Laptop\\Pictures\\Camera Roll\\WIN_20251225_00_09_54_Pro.mp4'
2026-03-13 20:01:28,547 - LuminaGallery - ERROR - Thumbnail load error: bad window path name ".!frame.!frame3.!frame.!canvas.!frame.!frame13835"
2026-03-13 20:01:28,549 - LuminaGallery - ERROR - Thumbnail load error: invalid command name ".!frame.!frame3.!frame.!canvas.!frame.!frame13838"
2026-03-13 20:04:53,571 - LuminaGallery - ERROR - Thumbnail load error: 
2026-03-13 20:04:53,571 - LuminaGallery - ERROR - Unhandled exception:
Traceback (most recent call last):
  File "C:\Users\Laptop\AppData\Local\Python\pythoncore-3.14-64\Lib\tkinter\__init__.py", line 2088, in __call__
    return self.func(*args)
           ~~~~~~~~~^^^^^^^
  File "C:\Users\Laptop\AppData\Local\Python\pythoncore-3.14-64\Lib\tkinter\__init__.py", line 876, in callit
    func(*args, **kw)
    ~~~~^^^^^^^^^^^^^
  File "c:\Users\Laptop\Documents\Frank Docu\Lumina Gallery Pro\Lumina Gallery Pro - Final Project - Beltran.py", line 2045, in update_visible_thumbnails
    self._remove_thumbnail(idx)
    ~~~~~~~~~~~~~~~~~~~~~~^^^^^
  File "c:\Users\Laptop\Documents\Frank Docu\Lumina Gallery Pro\Lumina Gallery Pro - Final Project - Beltran.py", line 2061, in _remove_thumbnail
    self.thumb_loader.cancel(f"thumb_{idx}")
    ~~~~~~~~~~~~~~~~~~~~~~~~^^^^^^^^^^^^^^^^
  File "c:\Users\Laptop\Documents\Frank Docu\Lumina Gallery Pro\Lumina Gallery Pro - Final Project - Beltran.py", line 408, in cancel
    del self.pending_futures[task_id]
        ~~~~~~~~~~~~~~~~~~~~^^^^^^^^^
KeyError: 'thumb_76'
2026-03-13 20:04:53,574 - LuminaGallery - ERROR - Thumbnail load error: invalid command name ".!frame.!frame3.!frame.!canvas.!frame.!frame14252"
2026-03-13 20:06:28,844 - LuminaGallery - ERROR - Thumbnail load error: invalid command name ".!frame.!frame3.!frame.!canvas.!frame.!frame21253"
2026-03-13 20:07:47,582 - LuminaGallery - INFO - Shutting down Lumina Gallery...
2026-03-13 20:07:47,592 - LuminaGallery - INFO - Shutdown complete
2026-03-13 20:27:09,668 - LuminaGallery - INFO - psutil not available - memory monitoring disabled
2026-03-13 20:27:09,669 - LuminaGallery - INFO - vlc not available - video playback disabled
2026-03-13 20:27:10,262 - LuminaGallery - INFO - Migrated to schema version 2
2026-03-13 20:27:10,263 - LuminaGallery - INFO - Migrated to schema version 3
2026-03-13 20:27:10,267 - LuminaGallery - INFO - Migrated to schema version 4
2026-03-13 20:27:10,269 - LuminaGallery - INFO - Migrated to schema version 5
2026-03-13 20:27:10,270 - LuminaGallery - INFO - Migrated to schema version 6
2026-03-13 20:27:10,292 - LuminaGallery - INFO - Drag and drop not available: '_tkinter.tkapp' object has no attribute 'drop_target_register'
2026-03-13 20:27:11,197 - LuminaGallery - INFO - LuminaGalleryApp initialized
2026-03-13 20:27:11,437 - LuminaGallery - INFO - Loaded 88 media items from database
2026-03-13 20:27:21,877 - LuminaGallery - ERROR - Unhandled exception:
Traceback (most recent call last):
  File "C:\Users\Laptop\AppData\Local\Python\pythoncore-3.14-64\Lib\tkinter\__init__.py", line 2088, in __call__
    return self.func(*args)
           ~~~~~~~~~^^^^^^^
  File "c:\Users\Laptop\Documents\Frank Docu\Lumina Gallery Pro\Lumina Gallery Pro - Final Project - Beltran.py", line 2061, in <lambda>
    frame.bind("<Button-1>", lambda e, f=frame: self._on_thumbnail_click(e, f))
                                                ~~~~~~~~~~~~~~~~~~~~~~~~^^^^^^
  File "c:\Users\Laptop\Documents\Frank Docu\Lumina Gallery Pro\Lumina Gallery Pro - Final Project - Beltran.py", line 2224, in _on_thumbnail_click
    self.open_media(item)
    ~~~~~~~~~~~~~~~^^^^^^
  File "c:\Users\Laptop\Documents\Frank Docu\Lumina Gallery Pro\Lumina Gallery Pro - Final Project - Beltran.py", line 2443, in open_media
    self.show_image(item.path)
    ~~~~~~~~~~~~~~~^^^^^^^^^^^
  File "c:\Users\Laptop\Documents\Frank Docu\Lumina Gallery Pro\Lumina Gallery Pro - Final Project - Beltran.py", line 2491, in show_image
    self.reset_zoom()
    ~~~~~~~~~~~~~~~^^
  File "c:\Users\Laptop\Documents\Frank Docu\Lumina Gallery Pro\Lumina Gallery Pro - Final Project - Beltran.py", line 2586, in reset_zoom
    self.render_zoomed_image()
    ~~~~~~~~~~~~~~~~~~~~~~~~^^
  File "c:\Users\Laptop\Documents\Frank Docu\Lumina Gallery Pro\Lumina Gallery Pro - Final Project - Beltran.py", line 2545, in render_zoomed_image
    resized = self.original_image.resize((new_w, new_h), Image.Resampling.LANCZOS)
  File "C:\Users\Laptop\AppData\Local\Python\pythoncore-3.14-64\Lib\site-packages\PIL\Image.py", line 2323, in resize
    return self._new(self.im.resize(size, resample, box))
                     ~~~~~~~~~~~~~~^^^^^^^^^^^^^^^^^^^^^
ValueError: height and width must be > 0
2026-03-13 20:28:23,237 - LuminaGallery - ERROR - Error loading image C:\Users\Laptop\Videos\Roblox\Roblox-2026-03-04T06_32_24.847Z.mp4: cannot identify image file 'C:\\Users\\Laptop\\Videos\\Roblox\\Roblox-2026-03-04T06_32_24.847Z.mp4'
2026-03-13 20:28:37,104 - LuminaGallery - ERROR - Error loading image C:\Users\Laptop\Pictures\Camera Roll\WIN_20251225_00_09_54_Pro.mp4: cannot identify image file 'C:\\Users\\Laptop\\Pictures\\Camera Roll\\WIN_20251225_00_09_54_Pro.mp4'
2026-03-13 20:29:02,049 - LuminaGallery - ERROR - Error loading image C:\Users\Laptop\Pictures\Camera Roll\WIN_20251225_00_09_54_Pro.mp4: cannot identify image file 'C:\\Users\\Laptop\\Pictures\\Camera Roll\\WIN_20251225_00_09_54_Pro.mp4'
2026-03-13 20:29:03,379 - LuminaGallery - ERROR - Error loading image C:\Users\Laptop\Videos\Roblox\Roblox-2026-02-16T10_17_42.452Z.mp4: cannot identify image file 'C:\\Users\\Laptop\\Videos\\Roblox\\Roblox-2026-02-16T10_17_42.452Z.mp4'
2026-03-13 20:29:05,121 - LuminaGallery - ERROR - Error loading image C:\Users\Laptop\Videos\Roblox\Roblox-2026-03-04T06_32_24.847Z.mp4: cannot identify image file 'C:\\Users\\Laptop\\Videos\\Roblox\\Roblox-2026-03-04T06_32_24.847Z.mp4'
2026-03-13 20:29:20,247 - LuminaGallery - INFO - Shutting down Lumina Gallery...
2026-03-13 20:29:20,260 - LuminaGallery - INFO - Shutdown complete
2026-03-13 20:31:34,364 - LuminaGallery - INFO - psutil not available - memory monitoring disabled
2026-03-13 20:31:34,365 - LuminaGallery - INFO - vlc not available - video playback disabled
2026-03-13 20:31:34,730 - LuminaGallery - INFO - Migrated to schema version 2
2026-03-13 20:31:34,732 - LuminaGallery - INFO - Migrated to schema version 3
2026-03-13 20:31:34,734 - LuminaGallery - INFO - Migrated to schema version 4
2026-03-13 20:31:34,735 - LuminaGallery - INFO - Migrated to schema version 5
2026-03-13 20:31:34,736 - LuminaGallery - INFO - Migrated to schema version 6
2026-03-13 20:31:34,747 - LuminaGallery - INFO - Drag and drop not available: '_tkinter.tkapp' object has no attribute 'drop_target_register'
2026-03-13 20:31:35,465 - LuminaGallery - INFO - LuminaGalleryApp initialized
2026-03-13 20:31:35,711 - LuminaGallery - INFO - Loaded 88 media items from database
2026-03-13 20:31:36,952 - LuminaGallery - INFO - Shutting down Lumina Gallery...
2026-03-13 20:31:36,962 - LuminaGallery - INFO - Shutdown complete
